client/src/pages/AdminDashboard_Old.tsx(939,35): error TS2322: Type '"link"' is not assignable to type '"default" | "destructive" | "outline" | "secondary" | "ghost"'.
client/src/pages/AdminDashboard_Old.tsx(1099,14): error TS2741: Property 'services' is missing in type '{ categories: any[]; onUpdate: () => Promise<void>; }' but required in type 'CategoryManagementProps'.
server/opportunities-routes.ts(132,75): error TS2304: Cannot find name 'InsertCompany'.
server/opportunities-routes.ts(345,86): error TS2304: Cannot find name 'InsertJobApplication'.
server/routes.ts(1475,30): error TS2339: Property 'adminId' does not exist on type 'Session & Partial<SessionData>'.
server/routes.ts(1534,37): error TS2551: Property 'createSiteContent' does not exist on type 'DatabaseStorage'. Did you mean 'updateSiteContent'?
server/seed.ts(713,63): error TS2551: Property 'createSiteContent' does not exist on type 'DatabaseStorage'. Did you mean 'updateSiteContent'?
server/storage-db.ts(84,59): error TS2769: No overload matches this call.
  Overload 1 of 2, '(value: { fullName: string | SQL<unknown> | Placeholder<string, any>; email: string | SQL<unknown> | Placeholder<string, any>; }): PgInsertBase<PgTableWithColumns<{ name: "profiles"; schema: undefined; columns: { ...; }; dialect: "pg"; }>, ... 4 more ..., never>', gave the following error.
    Argument of type '{}' is not assignable to parameter of type '{ fullName: string | SQL<unknown> | Placeholder<string, any>; email: string | SQL<unknown> | Placeholder<string, any>; }'.
      Type '{}' is missing the following properties from type '{ fullName: string | SQL<unknown> | Placeholder<string, any>; email: string | SQL<unknown> | Placeholder<string, any>; }': fullName, email
  Overload 2 of 2, '(values: { fullName: string | SQL<unknown> | Placeholder<string, any>; email: string | SQL<unknown> | Placeholder<string, any>; }[]): PgInsertBase<PgTableWithColumns<{ name: "profiles"; schema: undefined; columns: { ...; }; dialect: "pg"; }>, ... 4 more ..., never>', gave the following error.
    Argument of type '{}' is not assignable to parameter of type '{ fullName: string | SQL<unknown> | Placeholder<string, any>; email: string | SQL<unknown> | Placeholder<string, any>; }[]'.
      Type '{}' is missing the following properties from type '{ fullName: string | SQL<unknown> | Placeholder<string, any>; email: string | SQL<unknown> | Placeholder<string, any>; }[]': length, pop, push, concat, and 35 more.
server/storage-db.ts(108,69): error TS2769: No overload matches this call.
  Overload 1 of 2, '(value: { name: string | SQL<unknown> | Placeholder<string, any>; slug: string | SQL<unknown> | Placeholder<string, any>; }): PgInsertBase<PgTableWithColumns<{ name: "categories"; schema: undefined; columns: { ...; }; dialect: "pg"; }>, ... 4 more ..., never>', gave the following error.
    Argument of type '{}' is not assignable to parameter of type '{ name: string | SQL<unknown> | Placeholder<string, any>; slug: string | SQL<unknown> | Placeholder<string, any>; }'.
      Type '{}' is missing the following properties from type '{ name: string | SQL<unknown> | Placeholder<string, any>; slug: string | SQL<unknown> | Placeholder<string, any>; }': name, slug
  Overload 2 of 2, '(values: { name: string | SQL<unknown> | Placeholder<string, any>; slug: string | SQL<unknown> | Placeholder<string, any>; }[]): PgInsertBase<PgTableWithColumns<{ name: "categories"; schema: undefined; columns: { ...; }; dialect: "pg"; }>, ... 4 more ..., never>', gave the following error.
    Argument of type '{}' is not assignable to parameter of type '{ name: string | SQL<unknown> | Placeholder<string, any>; slug: string | SQL<unknown> | Placeholder<string, any>; }[]'.
      Type '{}' is missing the following properties from type '{ name: string | SQL<unknown> | Placeholder<string, any>; slug: string | SQL<unknown> | Placeholder<string, any>; }[]': length, pop, push, concat, and 35 more.
server/storage-db.ts(152,66): error TS2769: No overload matches this call.
  Overload 1 of 2, '(value: { name: string | SQL<unknown> | Placeholder<string, any>; slug: string | SQL<unknown> | Placeholder<string, any>; categoryId: string | SQL<unknown> | Placeholder<...>; summary: string | ... 1 more ... | Placeholder<...>; basePriceInr: string | ... 1 more ... | Placeholder<...>; etaDays: number | ... 1 more ... | Placeholder<...>; }): PgInsertBase<...>', gave the following error.
    Argument of type '{}' is not assignable to parameter of type '{ name: string | SQL<unknown> | Placeholder<string, any>; slug: string | SQL<unknown> | Placeholder<string, any>; categoryId: string | SQL<unknown> | Placeholder<...>; summary: string | ... 1 more ... | Placeholder<...>; basePriceInr: string | ... 1 more ... | Placeholder<...>; etaDays: number | ... 1 more ... | Pla...'.
      Type '{}' is missing the following properties from type '{ name: string | SQL<unknown> | Placeholder<string, any>; slug: string | SQL<unknown> | Placeholder<string, any>; categoryId: string | SQL<unknown> | Placeholder<...>; summary: string | ... 1 more ... | Placeholder<...>; basePriceInr: string | ... 1 more ... | Placeholder<...>; etaDays: number | ... 1 more ... | Pla...': name, slug, categoryId, summary, and 2 more.
  Overload 2 of 2, '(values: { name: string | SQL<unknown> | Placeholder<string, any>; slug: string | SQL<unknown> | Placeholder<string, any>; categoryId: string | SQL<unknown> | Placeholder<...>; summary: string | ... 1 more ... | Placeholder<...>; basePriceInr: string | ... 1 more ... | Placeholder<...>; etaDays: number | ... 1 more ... | Placeholder<...>; }[]): PgInsertBase<...>', gave the following error.
    Argument of type '{}' is not assignable to parameter of type '{ name: string | SQL<unknown> | Placeholder<string, any>; slug: string | SQL<unknown> | Placeholder<string, any>; categoryId: string | SQL<unknown> | Placeholder<...>; summary: string | ... 1 more ... | Placeholder<...>; basePriceInr: string | ... 1 more ... | Placeholder<...>; etaDays: number | ... 1 more ... | Pla...'.
      Type '{}' is missing the following properties from type '{ name: string | SQL<unknown> | Placeholder<string, any>; slug: string | SQL<unknown> | Placeholder<string, any>; categoryId: string | SQL<unknown> | Placeholder<...>; summary: string | ... 1 more ... | Placeholder<...>; basePriceInr: string | ... 1 more ... | Placeholder<...>; etaDays: number | ... 1 more ... | Pla...': length, pop, push, concat, and 35 more.
server/storage-db.ts(191,62): error TS2769: No overload matches this call.
  Overload 1 of 2, '(value: { subtotalInr: string | SQL<unknown> | Placeholder<string, any>; gstInr: string | SQL<unknown> | Placeholder<string, any>; totalInr: string | SQL<unknown> | Placeholder<...>; }): PgInsertBase<...>', gave the following error.
    Argument of type '{}' is not assignable to parameter of type '{ subtotalInr: string | SQL<unknown> | Placeholder<string, any>; gstInr: string | SQL<unknown> | Placeholder<string, any>; totalInr: string | SQL<unknown> | Placeholder<...>; }'.
      Type '{}' is missing the following properties from type '{ subtotalInr: string | SQL<unknown> | Placeholder<string, any>; gstInr: string | SQL<unknown> | Placeholder<string, any>; totalInr: string | SQL<unknown> | Placeholder<...>; }': subtotalInr, gstInr, totalInr
  Overload 2 of 2, '(values: { subtotalInr: string | SQL<unknown> | Placeholder<string, any>; gstInr: string | SQL<unknown> | Placeholder<string, any>; totalInr: string | SQL<unknown> | Placeholder<...>; }[]): PgInsertBase<...>', gave the following error.
    Argument of type '{}' is not assignable to parameter of type '{ subtotalInr: string | SQL<unknown> | Placeholder<string, any>; gstInr: string | SQL<unknown> | Placeholder<string, any>; totalInr: string | SQL<unknown> | Placeholder<...>; }[]'.
      Type '{}' is missing the following properties from type '{ subtotalInr: string | SQL<unknown> | Placeholder<string, any>; gstInr: string | SQL<unknown> | Placeholder<string, any>; totalInr: string | SQL<unknown> | Placeholder<...>; }[]': length, pop, push, concat, and 35 more.
server/storage-db.ts(210,65): error TS2769: No overload matches this call.
  Overload 1 of 2, '(value: { name: string | SQL<unknown> | Placeholder<string, any>; totalInr: string | SQL<unknown> | Placeholder<string, any>; orderId: string | SQL<unknown> | Placeholder<...>; serviceId: string | ... 1 more ... | Placeholder<...>; unitPriceInr: string | ... 1 more ... | Placeholder<...>; }): PgInsertBase<...>', gave the following error.
    Argument of type '{}' is not assignable to parameter of type '{ name: string | SQL<unknown> | Placeholder<string, any>; totalInr: string | SQL<unknown> | Placeholder<string, any>; orderId: string | SQL<unknown> | Placeholder<...>; serviceId: string | ... 1 more ... | Placeholder<...>; unitPriceInr: string | ... 1 more ... | Placeholder<...>; }'.
      Type '{}' is missing the following properties from type '{ name: string | SQL<unknown> | Placeholder<string, any>; totalInr: string | SQL<unknown> | Placeholder<string, any>; orderId: string | SQL<unknown> | Placeholder<...>; serviceId: string | ... 1 more ... | Placeholder<...>; unitPriceInr: string | ... 1 more ... | Placeholder<...>; }': name, totalInr, orderId, serviceId, unitPriceInr
  Overload 2 of 2, '(values: { name: string | SQL<unknown> | Placeholder<string, any>; totalInr: string | SQL<unknown> | Placeholder<string, any>; orderId: string | SQL<unknown> | Placeholder<...>; serviceId: string | ... 1 more ... | Placeholder<...>; unitPriceInr: string | ... 1 more ... | Placeholder<...>; }[]): PgInsertBase<...>', gave the following error.
    Argument of type '{}' is not assignable to parameter of type '{ name: string | SQL<unknown> | Placeholder<string, any>; totalInr: string | SQL<unknown> | Placeholder<string, any>; orderId: string | SQL<unknown> | Placeholder<...>; serviceId: string | ... 1 more ... | Placeholder<...>; unitPriceInr: string | ... 1 more ... | Placeholder<...>; }[]'.
      Type '{}' is missing the following properties from type '{ name: string | SQL<unknown> | Placeholder<string, any>; totalInr: string | SQL<unknown> | Placeholder<string, any>; orderId: string | SQL<unknown> | Placeholder<...>; serviceId: string | ... 1 more ... | Placeholder<...>; unitPriceInr: string | ... 1 more ... | Placeholder<...>; }[]': length, pop, push, concat, and 35 more.
server/storage-db.ts(215,60): error TS2769: No overload matches this call.
  Overload 1 of 2, '(value: { name: string | SQL<unknown> | Placeholder<string, any>; email: string | SQL<unknown> | Placeholder<string, any>; phone: string | SQL<unknown> | Placeholder<string, any>; role: string | ... 1 more ... | Placeholder<...>; message: string | ... 1 more ... | Placeholder<...>; }): PgInsertBase<...>', gave the following error.
    Argument of type '{}' is not assignable to parameter of type '{ name: string | SQL<unknown> | Placeholder<string, any>; email: string | SQL<unknown> | Placeholder<string, any>; phone: string | SQL<unknown> | Placeholder<string, any>; role: string | ... 1 more ... | Placeholder<...>; message: string | ... 1 more ... | Placeholder<...>; }'.
      Type '{}' is missing the following properties from type '{ name: string | SQL<unknown> | Placeholder<string, any>; email: string | SQL<unknown> | Placeholder<string, any>; phone: string | SQL<unknown> | Placeholder<string, any>; role: string | ... 1 more ... | Placeholder<...>; message: string | ... 1 more ... | Placeholder<...>; }': name, email, phone, role, message
  Overload 2 of 2, '(values: { name: string | SQL<unknown> | Placeholder<string, any>; email: string | SQL<unknown> | Placeholder<string, any>; phone: string | SQL<unknown> | Placeholder<string, any>; role: string | ... 1 more ... | Placeholder<...>; message: string | ... 1 more ... | Placeholder<...>; }[]): PgInsertBase<...>', gave the following error.
    Argument of type '{}' is not assignable to parameter of type '{ name: string | SQL<unknown> | Placeholder<string, any>; email: string | SQL<unknown> | Placeholder<string, any>; phone: string | SQL<unknown> | Placeholder<string, any>; role: string | ... 1 more ... | Placeholder<...>; message: string | ... 1 more ... | Placeholder<...>; }[]'.
      Type '{}' is missing the following properties from type '{ name: string | SQL<unknown> | Placeholder<string, any>; email: string | SQL<unknown> | Placeholder<string, any>; phone: string | SQL<unknown> | Placeholder<string, any>; role: string | ... 1 more ... | Placeholder<...>; message: string | ... 1 more ... | Placeholder<...>; }[]': length, pop, push, concat, and 35 more.
server/storage-db.ts(235,8): error TS2339: Property 'where' does not exist on type 'Omit<PgSelectBase<"cart_items", { id: PgColumn<{ name: "id"; tableName: "cart_items"; dataType: "string"; columnType: "PgVarchar"; data: string; driverParam: string; notNull: true; hasDefault: true; isPrimaryKey: true; ... 5 more ...; generated: undefined; }, {}, { ...; }>; sessionId: PgColumn<...>; serviceId: PgCol...'.
server/storage-db.ts(241,16): error TS2353: Object literal may only specify known properties, and 'qty' does not exist in type '{ sessionId?: string | SQL<unknown> | PgColumn<ColumnBaseConfig<ColumnDataType, string>, {}, {}>; serviceId?: string | SQL<unknown> | PgColumn<...>; }'.
server/storage-db.ts(248,64): error TS2769: No overload matches this call.
  Overload 1 of 2, '(value: { sessionId: string | SQL<unknown> | Placeholder<string, any>; serviceId: string | SQL<unknown> | Placeholder<string, any>; }): PgInsertBase<PgTableWithColumns<{ name: "cart_items"; schema: undefined; columns: { ...; }; dialect: "pg"; }>, ... 4 more ..., never>', gave the following error.
    Argument of type '{ sessionId?: string; serviceId?: string; qty?: number; }' is not assignable to parameter of type '{ sessionId: string | SQL<unknown> | Placeholder<string, any>; serviceId: string | SQL<unknown> | Placeholder<string, any>; }'.
      Property 'sessionId' is optional in type '{ sessionId?: string; serviceId?: string; qty?: number; }' but required in type '{ sessionId: string | SQL<unknown> | Placeholder<string, any>; serviceId: string | SQL<unknown> | Placeholder<string, any>; }'.
  Overload 2 of 2, '(values: { sessionId: string | SQL<unknown> | Placeholder<string, any>; serviceId: string | SQL<unknown> | Placeholder<string, any>; }[]): PgInsertBase<PgTableWithColumns<{ name: "cart_items"; schema: undefined; columns: { ...; }; dialect: "pg"; }>, ... 4 more ..., never>', gave the following error.
    Argument of type '{ sessionId?: string; serviceId?: string; qty?: number; }' is not assignable to parameter of type '{ sessionId: string | SQL<unknown> | Placeholder<string, any>; serviceId: string | SQL<unknown> | Placeholder<string, any>; }[]'.
      Type '{ sessionId?: string; serviceId?: string; qty?: number; }' is missing the following properties from type '{ sessionId: string | SQL<unknown> | Placeholder<string, any>; serviceId: string | SQL<unknown> | Placeholder<string, any>; }[]': length, pop, push, concat, and 35 more.
server/storage-db.ts(255,14): error TS2353: Object literal may only specify known properties, and 'qty' does not exist in type '{ sessionId?: string | SQL<unknown> | PgColumn<ColumnBaseConfig<ColumnDataType, string>, {}, {}>; serviceId?: string | SQL<unknown> | PgColumn<...>; }'.
server/storage-db.ts(281,76): error TS2769: No overload matches this call.
  Overload 1 of 2, '(value: { userId: string | SQL<unknown> | Placeholder<string, any>; message: string | SQL<unknown> | Placeholder<string, any>; type: string | SQL<unknown> | Placeholder<...>; title: string | ... 1 more ... | Placeholder<...>; }): PgInsertBase<...>', gave the following error.
    Argument of type '{}' is not assignable to parameter of type '{ userId: string | SQL<unknown> | Placeholder<string, any>; message: string | SQL<unknown> | Placeholder<string, any>; type: string | SQL<unknown> | Placeholder<string, any>; title: string | ... 1 more ... | Placeholder<...>; }'.
      Type '{}' is missing the following properties from type '{ userId: string | SQL<unknown> | Placeholder<string, any>; message: string | SQL<unknown> | Placeholder<string, any>; type: string | SQL<unknown> | Placeholder<string, any>; title: string | ... 1 more ... | Placeholder<...>; }': userId, message, type, title
  Overload 2 of 2, '(values: { userId: string | SQL<unknown> | Placeholder<string, any>; message: string | SQL<unknown> | Placeholder<string, any>; type: string | SQL<unknown> | Placeholder<...>; title: string | ... 1 more ... | Placeholder<...>; }[]): PgInsertBase<...>', gave the following error.
    Argument of type '{}' is not assignable to parameter of type '{ userId: string | SQL<unknown> | Placeholder<string, any>; message: string | SQL<unknown> | Placeholder<string, any>; type: string | SQL<unknown> | Placeholder<string, any>; title: string | ... 1 more ... | Placeholder<...>; }[]'.
      Type '{}' is missing the following properties from type '{ userId: string | SQL<unknown> | Placeholder<string, any>; message: string | SQL<unknown> | Placeholder<string, any>; type: string | SQL<unknown> | Placeholder<string, any>; title: string | ... 1 more ... | Placeholder<...>; }[]': length, pop, push, concat, and 35 more.
server/storage-db.ts(293,14): error TS2353: Object literal may only specify known properties, and 'read' does not exist in type '{ userId?: string | SQL<unknown> | PgColumn<ColumnBaseConfig<ColumnDataType, string>, {}, {}>; message?: string | SQL<unknown> | PgColumn<...>; type?: string | ... 1 more ... | PgColumn<...>; title?: string | ... 1 more ... | PgColumn<...>; }'.
server/storage-db.ts(328,67): error TS2769: No overload matches this call.
  Overload 1 of 2, '(value: { userId: string | SQL<unknown> | Placeholder<string, any>; companyName: string | SQL<unknown> | Placeholder<string, any>; contactName: string | SQL<...> | Placeholder<...>; contactEmail: string | ... 1 more ... | Placeholder<...>; businessType: string | ... 1 more ... | Placeholder<...>; }): PgInsertBase<...>', gave the following error.
    Argument of type '{}' is not assignable to parameter of type '{ userId: string | SQL<unknown> | Placeholder<string, any>; companyName: string | SQL<unknown> | Placeholder<string, any>; contactName: string | SQL<unknown> | Placeholder<...>; contactEmail: string | ... 1 more ... | Placeholder<...>; businessType: string | ... 1 more ... | Placeholder<...>; }'.
      Type '{}' is missing the following properties from type '{ userId: string | SQL<unknown> | Placeholder<string, any>; companyName: string | SQL<unknown> | Placeholder<string, any>; contactName: string | SQL<unknown> | Placeholder<...>; contactEmail: string | ... 1 more ... | Placeholder<...>; businessType: string | ... 1 more ... | Placeholder<...>; }': userId, companyName, contactName, contactEmail, businessType
  Overload 2 of 2, '(values: { userId: string | SQL<unknown> | Placeholder<string, any>; companyName: string | SQL<unknown> | Placeholder<string, any>; contactName: string | SQL<...> | Placeholder<...>; contactEmail: string | ... 1 more ... | Placeholder<...>; businessType: string | ... 1 more ... | Placeholder<...>; }[]): PgInsertBase<...>', gave the following error.
    Argument of type '{}' is not assignable to parameter of type '{ userId: string | SQL<unknown> | Placeholder<string, any>; companyName: string | SQL<unknown> | Placeholder<string, any>; contactName: string | SQL<unknown> | Placeholder<...>; contactEmail: string | ... 1 more ... | Placeholder<...>; businessType: string | ... 1 more ... | Placeholder<...>; }[]'.
      Type '{}' is missing the following properties from type '{ userId: string | SQL<unknown> | Placeholder<string, any>; companyName: string | SQL<unknown> | Placeholder<string, any>; contactName: string | SQL<unknown> | Placeholder<...>; contactEmail: string | ... 1 more ... | Placeholder<...>; businessType: string | ... 1 more ... | Placeholder<...>; }[]': length, pop, push, concat, and 35 more.
server/storage-db.ts(335,26): error TS2353: Object literal may only specify known properties, and 'updatedAt' does not exist in type '{ userId?: string | SQL<unknown> | PgColumn<ColumnBaseConfig<ColumnDataType, string>, {}, {}>; companyName?: string | SQL<unknown> | PgColumn<...>; contactName?: string | ... 1 more ... | PgColumn<...>; contactEmail?: string | ... 1 more ... | PgColumn<...>; businessType?: string | ... 1 more ... | PgColumn<...>; }'.
server/storage-db.ts(358,83): error TS2769: No overload matches this call.
  Overload 1 of 2, '(value: { companyId: string | SQL<unknown> | Placeholder<string, any>; }): PgInsertBase<PgTableWithColumns<{ name: "company_subscriptions"; schema: undefined; columns: { id: PgColumn<{ name: "id"; tableName: "company_subscriptions"; ... 12 more ...; generated: undefined; }, {}, { ...; }>; ... 9 more ...; createdAt: PgColumn<...>; }; dialect: "pg"; }>, ... 4 more ..., never>', gave the following error.
    Argument of type '{}' is not assignable to parameter of type '{ companyId: string | SQL<unknown> | Placeholder<string, any>; }'.
      Property 'companyId' is missing in type '{}' but required in type '{ companyId: string | SQL<unknown> | Placeholder<string, any>; }'.
  Overload 2 of 2, '(values: { companyId: string | SQL<unknown> | Placeholder<string, any>; }[]): PgInsertBase<PgTableWithColumns<{ name: "company_subscriptions"; schema: undefined; columns: { id: PgColumn<{ name: "id"; tableName: "company_subscriptions"; ... 12 more ...; generated: undefined; }, {}, { ...; }>; ... 9 more ...; createdAt: PgColumn<...>; }; dialect: "pg"; }>, ... 4 more ..., never>', gave the following error.
    Argument of type '{}' is not assignable to parameter of type '{ companyId: string | SQL<unknown> | Placeholder<string, any>; }[]'.
      Type '{}' is missing the following properties from type '{ companyId: string | SQL<unknown> | Placeholder<string, any>; }[]': length, pop, push, concat, and 35 more.
server/storage-db.ts(412,66): error TS2769: No overload matches this call.
  Overload 1 of 2, '(value: { slug: string | SQL<unknown> | Placeholder<string, any>; description: string | SQL<unknown> | Placeholder<string, any>; title: string | SQL<unknown> | Placeholder<...>; companyId: string | ... 1 more ... | Placeholder<...>; roleType: string | ... 1 more ... | Placeholder<...>; experienceLevel: string | ... 1 more ... | Placeholder<...>; locationType: string | ... 1 more ... | Placeholder<...>; }): PgInsertBase<...>', gave the following error.
    Argument of type '{}' is not assignable to parameter of type '{ slug: string | SQL<unknown> | Placeholder<string, any>; description: string | SQL<unknown> | Placeholder<string, any>; title: string | SQL<unknown> | Placeholder<...>; companyId: string | ... 1 more ... | Placeholder<...>; roleType: string | ... 1 more ... | Placeholder<...>; experienceLevel: string | ... 1 more ....'.
      Type '{}' is missing the following properties from type '{ slug: string | SQL<unknown> | Placeholder<string, any>; description: string | SQL<unknown> | Placeholder<string, any>; title: string | SQL<unknown> | Placeholder<...>; companyId: string | ... 1 more ... | Placeholder<...>; roleType: string | ... 1 more ... | Placeholder<...>; experienceLevel: string | ... 1 more ....': slug, description, title, companyId, and 3 more.
  Overload 2 of 2, '(values: { slug: string | SQL<unknown> | Placeholder<string, any>; description: string | SQL<unknown> | Placeholder<string, any>; title: string | SQL<unknown> | Placeholder<...>; companyId: string | ... 1 more ... | Placeholder<...>; roleType: string | ... 1 more ... | Placeholder<...>; experienceLevel: string | ... 1 more ... | Placeholder<...>; locationType: string | ... 1 more ... | Placeholder<...>; }[]): PgInsertBase<...>', gave the following error.
    Argument of type '{}' is not assignable to parameter of type '{ slug: string | SQL<unknown> | Placeholder<string, any>; description: string | SQL<unknown> | Placeholder<string, any>; title: string | SQL<unknown> | Placeholder<...>; companyId: string | ... 1 more ... | Placeholder<...>; roleType: string | ... 1 more ... | Placeholder<...>; experienceLevel: string | ... 1 more ....'.
      Type '{}' is missing the following properties from type '{ slug: string | SQL<unknown> | Placeholder<string, any>; description: string | SQL<unknown> | Placeholder<string, any>; title: string | SQL<unknown> | Placeholder<...>; companyId: string | ... 1 more ... | Placeholder<...>; roleType: string | ... 1 more ... | Placeholder<...>; experienceLevel: string | ... 1 more ....': length, pop, push, concat, and 35 more.
server/storage-db.ts(419,26): error TS2353: Object literal may only specify known properties, and 'updatedAt' does not exist in type '{ slug?: string | SQL<unknown> | PgColumn<ColumnBaseConfig<ColumnDataType, string>, {}, {}>; description?: string | SQL<unknown> | PgColumn<...>; ... 4 more ...; locationType?: string | ... 1 more ... | PgColumn<...>; }'.
server/storage-db.ts(449,73): error TS2769: No overload matches this call.
  Overload 1 of 2, '(value: { companyId: string | SQL<unknown> | Placeholder<string, any>; jobPostId: string | SQL<unknown> | Placeholder<string, any>; }): PgInsertBase<PgTableWithColumns<{ name: "job_post_payments"; schema: undefined; columns: { ...; }; dialect: "pg"; }>, ... 4 more ..., never>', gave the following error.
    Argument of type '{}' is not assignable to parameter of type '{ companyId: string | SQL<unknown> | Placeholder<string, any>; jobPostId: string | SQL<unknown> | Placeholder<string, any>; }'.
      Type '{}' is missing the following properties from type '{ companyId: string | SQL<unknown> | Placeholder<string, any>; jobPostId: string | SQL<unknown> | Placeholder<string, any>; }': companyId, jobPostId
  Overload 2 of 2, '(values: { companyId: string | SQL<unknown> | Placeholder<string, any>; jobPostId: string | SQL<unknown> | Placeholder<string, any>; }[]): PgInsertBase<PgTableWithColumns<{ name: "job_post_payments"; schema: undefined; columns: { ...; }; dialect: "pg"; }>, ... 4 more ..., never>', gave the following error.
    Argument of type '{}' is not assignable to parameter of type '{ companyId: string | SQL<unknown> | Placeholder<string, any>; jobPostId: string | SQL<unknown> | Placeholder<string, any>; }[]'.
      Type '{}' is missing the following properties from type '{ companyId: string | SQL<unknown> | Placeholder<string, any>; jobPostId: string | SQL<unknown> | Placeholder<string, any>; }[]': length, pop, push, concat, and 35 more.
server/storage-db.ts(485,77): error TS2769: No overload matches this call.
  Overload 1 of 2, '(value: { fullName: string | SQL<unknown> | Placeholder<string, any>; email: string | SQL<unknown> | Placeholder<string, any>; phone: string | SQL<unknown> | Placeholder<...>; companyId: string | ... 1 more ... | Placeholder<...>; jobPostId: string | ... 1 more ... | Placeholder<...>; candidateId: string | ... 1 more ... | Placeholder<...>; cvUrl: string | ... 1 more ... | Placeholder<...>; }): PgInsertBase<...>', gave the following error.
    Argument of type '{}' is not assignable to parameter of type '{ fullName: string | SQL<unknown> | Placeholder<string, any>; email: string | SQL<unknown> | Placeholder<string, any>; phone: string | SQL<unknown> | Placeholder<...>; companyId: string | ... 1 more ... | Placeholder<...>; jobPostId: string | ... 1 more ... | Placeholder<...>; candidateId: string | ... 1 more ... | ...'.
      Type '{}' is missing the following properties from type '{ fullName: string | SQL<unknown> | Placeholder<string, any>; email: string | SQL<unknown> | Placeholder<string, any>; phone: string | SQL<unknown> | Placeholder<...>; companyId: string | ... 1 more ... | Placeholder<...>; jobPostId: string | ... 1 more ... | Placeholder<...>; candidateId: string | ... 1 more ... | ...': fullName, email, phone, companyId, and 3 more.
  Overload 2 of 2, '(values: { fullName: string | SQL<unknown> | Placeholder<string, any>; email: string | SQL<unknown> | Placeholder<string, any>; phone: string | SQL<unknown> | Placeholder<...>; companyId: string | ... 1 more ... | Placeholder<...>; jobPostId: string | ... 1 more ... | Placeholder<...>; candidateId: string | ... 1 more ... | Placeholder<...>; cvUrl: string | ... 1 more ... | Placeholder<...>; }[]): PgInsertBase<...>', gave the following error.
    Argument of type '{}' is not assignable to parameter of type '{ fullName: string | SQL<unknown> | Placeholder<string, any>; email: string | SQL<unknown> | Placeholder<string, any>; phone: string | SQL<unknown> | Placeholder<...>; companyId: string | ... 1 more ... | Placeholder<...>; jobPostId: string | ... 1 more ... | Placeholder<...>; candidateId: string | ... 1 more ... | ...'.
      Type '{}' is missing the following properties from type '{ fullName: string | SQL<unknown> | Placeholder<string, any>; email: string | SQL<unknown> | Placeholder<string, any>; phone: string | SQL<unknown> | Placeholder<...>; companyId: string | ... 1 more ... | Placeholder<...>; jobPostId: string | ... 1 more ... | Placeholder<...>; candidateId: string | ... 1 more ... | ...': length, pop, push, concat, and 35 more.
server/storage-db.ts(492,26): error TS2353: Object literal may only specify known properties, and 'updatedAt' does not exist in type '{ fullName?: string | SQL<unknown> | PgColumn<ColumnBaseConfig<ColumnDataType, string>, {}, {}>; email?: string | SQL<unknown> | PgColumn<...>; ... 4 more ...; cvUrl?: string | ... 1 more ... | PgColumn<...>; }'.
server/storage-db.ts(503,8): error TS2339: Property 'where' does not exist on type 'Omit<PgSelectBase<"job_applications", { id: PgColumn<{ name: "id"; tableName: "job_applications"; dataType: "string"; columnType: "PgVarchar"; data: string; driverParam: string; notNull: true; hasDefault: true; ... 6 more ...; generated: undefined; }, {}, { ...; }>; ... 18 more ...; updatedAt: PgColumn<...>; }, ... ...'.
server/storage-db.ts(514,68): error TS2769: No overload matches this call.
  Overload 1 of 2, '(value: { userId: string | SQL<unknown> | Placeholder<string, any>; jobPostId: string | SQL<unknown> | Placeholder<string, any>; }): PgInsertBase<PgTableWithColumns<{ name: "saved_jobs"; schema: undefined; columns: { ...; }; dialect: "pg"; }>, ... 4 more ..., never>', gave the following error.
    Argument of type '{}' is not assignable to parameter of type '{ userId: string | SQL<unknown> | Placeholder<string, any>; jobPostId: string | SQL<unknown> | Placeholder<string, any>; }'.
      Type '{}' is missing the following properties from type '{ userId: string | SQL<unknown> | Placeholder<string, any>; jobPostId: string | SQL<unknown> | Placeholder<string, any>; }': userId, jobPostId
  Overload 2 of 2, '(values: { userId: string | SQL<unknown> | Placeholder<string, any>; jobPostId: string | SQL<unknown> | Placeholder<string, any>; }[]): PgInsertBase<PgTableWithColumns<{ name: "saved_jobs"; schema: undefined; columns: { ...; }; dialect: "pg"; }>, ... 4 more ..., never>', gave the following error.
    Argument of type '{}' is not assignable to parameter of type '{ userId: string | SQL<unknown> | Placeholder<string, any>; jobPostId: string | SQL<unknown> | Placeholder<string, any>; }[]'.
      Type '{}' is missing the following properties from type '{ userId: string | SQL<unknown> | Placeholder<string, any>; jobPostId: string | SQL<unknown> | Placeholder<string, any>; }[]': length, pop, push, concat, and 35 more.
server/storage-db.ts(522,8): error TS2339: Property 'where' does not exist on type 'Omit<PgDeleteBase<PgTableWithColumns<{ name: "saved_jobs"; schema: undefined; columns: { id: PgColumn<{ name: "id"; tableName: "saved_jobs"; dataType: "string"; columnType: "PgVarchar"; data: string; driverParam: string; notNull: true; ... 7 more ...; generated: undefined; }, {}, { ...; }>; userId: PgColumn<...>; jo...'.
server/storage-db.ts(532,8): error TS2339: Property 'where' does not exist on type 'Omit<PgSelectBase<"saved_jobs", { id: PgColumn<{ name: "id"; tableName: "saved_jobs"; dataType: "string"; columnType: "PgVarchar"; data: string; driverParam: string; notNull: true; hasDefault: true; isPrimaryKey: true; ... 5 more ...; generated: undefined; }, {}, { ...; }>; userId: PgColumn<...>; jobPostId: PgColumn...'.
server/storage-db.ts(543,77): error TS2769: No overload matches this call.
  Overload 1 of 2, '(value: { userId: string | SQL<unknown> | Placeholder<string, any>; companyId: string | SQL<unknown> | Placeholder<string, any>; }): PgInsertBase<PgTableWithColumns<{ name: "saved_companies"; schema: undefined; columns: { ...; }; dialect: "pg"; }>, ... 4 more ..., never>', gave the following error.
    Argument of type '{}' is not assignable to parameter of type '{ userId: string | SQL<unknown> | Placeholder<string, any>; companyId: string | SQL<unknown> | Placeholder<string, any>; }'.
      Type '{}' is missing the following properties from type '{ userId: string | SQL<unknown> | Placeholder<string, any>; companyId: string | SQL<unknown> | Placeholder<string, any>; }': userId, companyId
  Overload 2 of 2, '(values: { userId: string | SQL<unknown> | Placeholder<string, any>; companyId: string | SQL<unknown> | Placeholder<string, any>; }[]): PgInsertBase<PgTableWithColumns<{ name: "saved_companies"; schema: undefined; columns: { ...; }; dialect: "pg"; }>, ... 4 more ..., never>', gave the following error.
    Argument of type '{}' is not assignable to parameter of type '{ userId: string | SQL<unknown> | Placeholder<string, any>; companyId: string | SQL<unknown> | Placeholder<string, any>; }[]'.
      Type '{}' is missing the following properties from type '{ userId: string | SQL<unknown> | Placeholder<string, any>; companyId: string | SQL<unknown> | Placeholder<string, any>; }[]': length, pop, push, concat, and 35 more.
server/storage-db.ts(551,8): error TS2339: Property 'where' does not exist on type 'Omit<PgDeleteBase<PgTableWithColumns<{ name: "saved_companies"; schema: undefined; columns: { id: PgColumn<{ name: "id"; tableName: "saved_companies"; dataType: "string"; columnType: "PgVarchar"; data: string; driverParam: string; ... 8 more ...; generated: undefined; }, {}, { ...; }>; userId: PgColumn<...>; company...'.
server/storage-db.ts(558,68): error TS2769: No overload matches this call.
  Overload 1 of 2, '(value: { applicationId: string | SQL<unknown> | Placeholder<string, any>; downloadedBy: string | SQL<unknown> | Placeholder<string, any>; }): PgInsertBase<PgTableWithColumns<{ ...; }>, ... 4 more ..., never>', gave the following error.
    Argument of type '{}' is not assignable to parameter of type '{ applicationId: string | SQL<unknown> | Placeholder<string, any>; downloadedBy: string | SQL<unknown> | Placeholder<string, any>; }'.
      Type '{}' is missing the following properties from type '{ applicationId: string | SQL<unknown> | Placeholder<string, any>; downloadedBy: string | SQL<unknown> | Placeholder<string, any>; }': applicationId, downloadedBy
  Overload 2 of 2, '(values: { applicationId: string | SQL<unknown> | Placeholder<string, any>; downloadedBy: string | SQL<unknown> | Placeholder<string, any>; }[]): PgInsertBase<PgTableWithColumns<...>, ... 4 more ..., never>', gave the following error.
    Argument of type '{}' is not assignable to parameter of type '{ applicationId: string | SQL<unknown> | Placeholder<string, any>; downloadedBy: string | SQL<unknown> | Placeholder<string, any>; }[]'.
      Type '{}' is missing the following properties from type '{ applicationId: string | SQL<unknown> | Placeholder<string, any>; downloadedBy: string | SQL<unknown> | Placeholder<string, any>; }[]': length, pop, push, concat, and 35 more.
server/storage.ts(124,31): error TS2339: Property 'fullName' does not exist on type '{}'.
server/storage.ts(125,28): error TS2339: Property 'email' does not exist on type '{}'.
server/storage.ts(126,28): error TS2339: Property 'phone' does not exist on type '{}'.
server/storage.ts(127,27): error TS2339: Property 'role' does not exist on type '{}'.
server/storage.ts(152,11): error TS2741: Property 'description' is missing in type '{ id: `${string}-${string}-${string}-${string}-${string}`; slug: any; name: any; sortOrder: any; createdAt: Date; }' but required in type '{ id: string; name: string; createdAt: Date; slug: string; description: string; sortOrder: number; }'.
server/storage.ts(154,28): error TS2339: Property 'slug' does not exist on type '{}'.
server/storage.ts(155,28): error TS2339: Property 'name' does not exist on type '{}'.
server/storage.ts(156,33): error TS2339: Property 'sortOrder' does not exist on type '{}'.
server/storage.ts(185,11): error TS2741: Property 'longDescription' is missing in type '{ id: `${string}-${string}-${string}-${string}-${string}`; categoryId: any; slug: any; name: any; summary: any; basePriceInr: any; sku: any; etaDays: any; icon: any; active: any; problem: any; outcome: any; includes: any; prerequisites: any; timeline: any; faqs: any; createdAt: Date; }' but required in type '{ id: string; name: string; includes: string; createdAt: Date; slug: string; categoryId: string; summary: string; longDescription: string; basePriceInr: string; sku: string; etaDays: number; ... 6 more ...; faqs: unknown; }'.
server/storage.ts(187,33): error TS2339: Property 'categoryId' does not exist on type '{}'.
server/storage.ts(188,27): error TS2339: Property 'slug' does not exist on type '{}'.
server/storage.ts(189,27): error TS2339: Property 'name' does not exist on type '{}'.
server/storage.ts(190,30): error TS2339: Property 'summary' does not exist on type '{}'.
server/storage.ts(191,35): error TS2339: Property 'basePriceInr' does not exist on type '{}'.
server/storage.ts(192,26): error TS2339: Property 'sku' does not exist on type '{}'.
server/storage.ts(193,30): error TS2339: Property 'etaDays' does not exist on type '{}'.
server/storage.ts(194,27): error TS2339: Property 'icon' does not exist on type '{}'.
server/storage.ts(195,29): error TS2339: Property 'active' does not exist on type '{}'.
server/storage.ts(196,30): error TS2339: Property 'problem' does not exist on type '{}'.
server/storage.ts(197,30): error TS2339: Property 'outcome' does not exist on type '{}'.
server/storage.ts(198,31): error TS2339: Property 'includes' does not exist on type '{}'.
server/storage.ts(199,36): error TS2339: Property 'prerequisites' does not exist on type '{}'.
server/storage.ts(200,31): error TS2339: Property 'timeline' does not exist on type '{}'.
server/storage.ts(201,27): error TS2339: Property 'faqs' does not exist on type '{}'.
server/storage.ts(238,27): error TS2339: Property 'userId' does not exist on type '{}'.
server/storage.ts(239,30): error TS2339: Property 'sessionId' does not exist on type '{}'.
server/storage.ts(240,27): error TS2339: Property 'status' does not exist on type '{}'.
server/storage.ts(241,32): error TS2339: Property 'subtotalInr' does not exist on type '{}'.
server/storage.ts(242,27): error TS2339: Property 'gstInr' does not exist on type '{}'.
server/storage.ts(243,29): error TS2339: Property 'totalInr' does not exist on type '{}'.
server/storage.ts(244,36): error TS2339: Property 'razorpayOrderId' does not exist on type '{}'.
server/storage.ts(245,38): error TS2339: Property 'razorpayPaymentId' does not exist on type '{}'.
server/storage.ts(246,38): error TS2339: Property 'razorpaySignature' does not exist on type '{}'.
server/storage.ts(247,33): error TS2339: Property 'customerName' does not exist on type '{}'.
server/storage.ts(248,34): error TS2339: Property 'customerEmail' does not exist on type '{}'.
server/storage.ts(249,34): error TS2339: Property 'customerPhone' does not exist on type '{}'.
server/storage.ts(250,36): error TS2339: Property 'customerAddress' does not exist on type '{}'.
server/storage.ts(273,32): error TS2339: Property 'orderId' does not exist on type '{}'.
server/storage.ts(274,34): error TS2339: Property 'serviceId' does not exist on type '{}'.
server/storage.ts(275,29): error TS2339: Property 'name' does not exist on type '{}'.
server/storage.ts(276,37): error TS2339: Property 'unitPriceInr' does not exist on type '{}'.
server/storage.ts(277,28): error TS2339: Property 'qty' does not exist on type '{}'.
server/storage.ts(278,33): error TS2339: Property 'totalInr' does not exist on type '{}'.
server/storage.ts(289,26): error TS2339: Property 'userId' does not exist on type '{}'.
server/storage.ts(290,24): error TS2339: Property 'name' does not exist on type '{}'.
server/storage.ts(291,25): error TS2339: Property 'email' does not exist on type '{}'.
server/storage.ts(292,25): error TS2339: Property 'phone' does not exist on type '{}'.
server/storage.ts(293,24): error TS2339: Property 'role' does not exist on type '{}'.
server/storage.ts(294,27): error TS2339: Property 'message' does not exist on type '{}'.
server/storage.ts(295,24): error TS2339: Property 'kind' does not exist on type '{}'.
server/storage.ts(296,31): error TS2339: Property 'capturedVia' does not exist on type '{}'.
server/storage.ts(297,28): error TS2339: Property 'metadata' does not exist on type '{}'.
server/storage.ts(384,34): error TS2339: Property 'userId' does not exist on type '{}'.
server/storage.ts(385,32): error TS2339: Property 'type' does not exist on type '{}'.
server/storage.ts(386,33): error TS2339: Property 'title' does not exist on type '{}'.
server/storage.ts(387,35): error TS2339: Property 'message' does not exist on type '{}'.
server/storage.ts(388,37): error TS2339: Property 'actionUrl' does not exist on type '{}'.
